2017-07-05 11:27:19.882719: W tensorflow/core/platform/cpu_feature_guard.cc:45] The TensorFlow library wasn't compiled to use SSE4.1 instructions, but these are available on your machine and could speed up CPU computations.
2017-07-05 11:27:19.882757: W tensorflow/core/platform/cpu_feature_guard.cc:45] The TensorFlow library wasn't compiled to use SSE4.2 instructions, but these are available on your machine and could speed up CPU computations.
2017-07-05 11:27:19.882763: W tensorflow/core/platform/cpu_feature_guard.cc:45] The TensorFlow library wasn't compiled to use AVX instructions, but these are available on your machine and could speed up CPU computations.
2017-07-05 11:27:19.882767: W tensorflow/core/platform/cpu_feature_guard.cc:45] The TensorFlow library wasn't compiled to use AVX2 instructions, but these are available on your machine and could speed up CPU computations.
2017-07-05 11:27:19.882770: W tensorflow/core/platform/cpu_feature_guard.cc:45] The TensorFlow library wasn't compiled to use FMA instructions, but these are available on your machine and could speed up CPU computations.
2017-07-05 11:27:20.073680: I tensorflow/stream_executor/cuda/cuda_gpu_executor.cc:901] successful NUMA node read from SysFS had negative value (-1), but there must be at least one NUMA node, so returning NUMA node zero
2017-07-05 11:27:20.074104: I tensorflow/core/common_runtime/gpu/gpu_device.cc:887] Found device 0 with properties: 
name: GeForce GTX 1080
major: 6 minor: 1 memoryClockRate (GHz) 1.898
pciBusID 0000:01:00.0
Total memory: 7.92GiB
Free memory: 1.87GiB
2017-07-05 11:27:20.074160: W tensorflow/stream_executor/cuda/cuda_driver.cc:485] creating context when one is currently active; existing: 0x132c6cc0
2017-07-05 11:27:20.178434: I tensorflow/stream_executor/cuda/cuda_gpu_executor.cc:901] successful NUMA node read from SysFS had negative value (-1), but there must be at least one NUMA node, so returning NUMA node zero
2017-07-05 11:27:20.178787: I tensorflow/core/common_runtime/gpu/gpu_device.cc:887] Found device 1 with properties: 
name: GeForce GTX 1080
major: 6 minor: 1 memoryClockRate (GHz) 1.898
pciBusID 0000:02:00.0
Total memory: 7.92GiB
Free memory: 7.26GiB
2017-07-05 11:27:20.178943: I tensorflow/core/common_runtime/gpu/gpu_device.cc:908] DMA: 0 1 
2017-07-05 11:27:20.178952: I tensorflow/core/common_runtime/gpu/gpu_device.cc:918] 0:   Y Y 
2017-07-05 11:27:20.178956: I tensorflow/core/common_runtime/gpu/gpu_device.cc:918] 1:   Y Y 
2017-07-05 11:27:20.178963: I tensorflow/core/common_runtime/gpu/gpu_device.cc:977] Creating TensorFlow device (/gpu:0) -> (device: 0, name: GeForce GTX 1080, pci bus id: 0000:01:00.0)
2017-07-05 11:27:20.178969: I tensorflow/core/common_runtime/gpu/gpu_device.cc:977] Creating TensorFlow device (/gpu:1) -> (device: 1, name: GeForce GTX 1080, pci bus id: 0000:02:00.0)
iter=10000 : Lx: 1192543.750000 Lz: -1199.994873
Outputs saved in file: model_runs/zero_or_one_22_24_blob/draw_data_10000.npy
Model saved in file: model_runs/zero_or_one_22_24_blob/drawmodel_10000.ckpt
iter=11000 : Lx: 1150738.000000 Lz: -1199.997192
iter=12000 : Lx: 1210252.375000 Lz: -1199.976807
iter=13000 : Lx: 1160978.125000 Lz: -1199.986572
iter=14000 : Lx: 1409933.500000 Lz: -1199.925049
iter=15000 : Lx: 1246703.250000 Lz: -1199.991699
iter=16000 : Lx: 1196113.625000 Lz: -1199.988647
iter=17000 : Lx: 1205931.000000 Lz: -1199.994629
iter=18000 : Lx: 1165487.500000 Lz: -1199.994141
iter=19000 : Lx: 1215466.500000 Lz: -1199.998779
iter=20000 : Lx: 1221009.250000 Lz: -1199.992554
Outputs saved in file: model_runs/zero_or_one_22_24_blob/draw_data_20000.npy
Model saved in file: model_runs/zero_or_one_22_24_blob/drawmodel_20000.ckpt
iter=21000 : Lx: 1301896.375000 Lz: -1199.993652
iter=22000 : Lx: 1152804.750000 Lz: -1199.998535
iter=23000 : Lx: 1062758.125000 Lz: -1199.994995
iter=24000 : Lx: nan Lz: nan
iter=25000 : Lx: nan Lz: nan
iter=26000 : Lx: nan Lz: nan
iter=27000 : Lx: nan Lz: nan
iter=28000 : Lx: nan Lz: nan
iter=29000 : Lx: nan Lz: nan
iter=30000 : Lx: nan Lz: nan
Outputs saved in file: model_runs/zero_or_one_22_24_blob/draw_data_30000.npy
Model saved in file: model_runs/zero_or_one_22_24_blob/drawmodel_30000.ckpt
iter=31000 : Lx: nan Lz: nan
iter=32000 : Lx: nan Lz: nan
iter=33000 : Lx: nan Lz: nan
iter=34000 : Lx: nan Lz: nan
iter=35000 : Lx: nan Lz: nan
iter=36000 : Lx: nan Lz: nan
iter=37000 : Lx: nan Lz: nan
iter=38000 : Lx: nan Lz: nan
iter=39000 : Lx: nan Lz: nan
iter=40000 : Lx: nan Lz: nan
Outputs saved in file: model_runs/zero_or_one_22_24_blob/draw_data_40000.npy
Model saved in file: model_runs/zero_or_one_22_24_blob/drawmodel_40000.ckpt
iter=41000 : Lx: nan Lz: nan
iter=42000 : Lx: nan Lz: nan
iter=43000 : Lx: nan Lz: nan
iter=44000 : Lx: nan Lz: nan
iter=45000 : Lx: nan Lz: nan
iter=46000 : Lx: nan Lz: nan
iter=47000 : Lx: nan Lz: nan
iter=48000 : Lx: nan Lz: nan
iter=49000 : Lx: nan Lz: nan
iter=50000 : Lx: nan Lz: nan
Outputs saved in file: model_runs/zero_or_one_22_24_blob/draw_data_50000.npy
Model saved in file: model_runs/zero_or_one_22_24_blob/drawmodel_50000.ckpt
iter=51000 : Lx: nan Lz: nan
iter=52000 : Lx: nan Lz: nan
iter=53000 : Lx: nan Lz: nan
iter=54000 : Lx: nan Lz: nan
iter=55000 : Lx: nan Lz: nan
iter=56000 : Lx: nan Lz: nan
iter=57000 : Lx: nan Lz: nan
iter=58000 : Lx: nan Lz: nan
iter=59000 : Lx: nan Lz: nan
iter=60000 : Lx: nan Lz: nan
Outputs saved in file: model_runs/zero_or_one_22_24_blob/draw_data_60000.npy
Model saved in file: model_runs/zero_or_one_22_24_blob/drawmodel_60000.ckpt
iter=61000 : Lx: nan Lz: nan
iter=62000 : Lx: nan Lz: nan
iter=63000 : Lx: nan Lz: nan
iter=64000 : Lx: nan Lz: nan
iter=65000 : Lx: nan Lz: nan
iter=66000 : Lx: nan Lz: nan
iter=67000 : Lx: nan Lz: nan
iter=68000 : Lx: nan Lz: nan
iter=69000 : Lx: nan Lz: nan
iter=70000 : Lx: nan Lz: nan
Outputs saved in file: model_runs/zero_or_one_22_24_blob/draw_data_70000.npy
Model saved in file: model_runs/zero_or_one_22_24_blob/drawmodel_70000.ckpt
iter=71000 : Lx: nan Lz: nan
iter=72000 : Lx: nan Lz: nan
iter=73000 : Lx: nan Lz: nan
iter=74000 : Lx: nan Lz: nan
iter=75000 : Lx: nan Lz: nan
iter=76000 : Lx: nan Lz: nan
iter=77000 : Lx: nan Lz: nan
iter=78000 : Lx: nan Lz: nan
iter=79000 : Lx: nan Lz: nan
iter=80000 : Lx: nan Lz: nan
Outputs saved in file: model_runs/zero_or_one_22_24_blob/draw_data_80000.npy
Model saved in file: model_runs/zero_or_one_22_24_blob/drawmodel_80000.ckpt
iter=81000 : Lx: nan Lz: nan
iter=82000 : Lx: nan Lz: nan
iter=83000 : Lx: nan Lz: nan
iter=84000 : Lx: nan Lz: nan
iter=85000 : Lx: nan Lz: nan
iter=86000 : Lx: nan Lz: nan
iter=87000 : Lx: nan Lz: nan
iter=88000 : Lx: nan Lz: nan
iter=89000 : Lx: nan Lz: nan
iter=90000 : Lx: nan Lz: nan
Outputs saved in file: model_runs/zero_or_one_22_24_blob/draw_data_90000.npy
Model saved in file: model_runs/zero_or_one_22_24_blob/drawmodel_90000.ckpt
iter=91000 : Lx: nan Lz: nan
iter=92000 : Lx: nan Lz: nan
iter=93000 : Lx: nan Lz: nan
iter=94000 : Lx: nan Lz: nan
iter=95000 : Lx: nan Lz: nan
iter=96000 : Lx: nan Lz: nan
iter=97000 : Lx: nan Lz: nan
iter=98000 : Lx: nan Lz: nan
iter=99000 : Lx: nan Lz: nan
iter=100000 : Lx: nan Lz: nan
Outputs saved in file: model_runs/zero_or_one_22_24_blob/draw_data_100000.npy
Model saved in file: model_runs/zero_or_one_22_24_blob/drawmodel_100000.ckpt
