2017-07-03 14:01:48.338003: W tensorflow/core/platform/cpu_feature_guard.cc:45] The TensorFlow library wasn't compiled to use SSE4.1 instructions, but these are available on your machine and could speed up CPU computations.
2017-07-03 14:01:48.338040: W tensorflow/core/platform/cpu_feature_guard.cc:45] The TensorFlow library wasn't compiled to use SSE4.2 instructions, but these are available on your machine and could speed up CPU computations.
2017-07-03 14:01:48.338045: W tensorflow/core/platform/cpu_feature_guard.cc:45] The TensorFlow library wasn't compiled to use AVX instructions, but these are available on your machine and could speed up CPU computations.
2017-07-03 14:01:48.338048: W tensorflow/core/platform/cpu_feature_guard.cc:45] The TensorFlow library wasn't compiled to use AVX2 instructions, but these are available on your machine and could speed up CPU computations.
2017-07-03 14:01:48.338051: W tensorflow/core/platform/cpu_feature_guard.cc:45] The TensorFlow library wasn't compiled to use FMA instructions, but these are available on your machine and could speed up CPU computations.
2017-07-03 14:01:48.466590: I tensorflow/stream_executor/cuda/cuda_gpu_executor.cc:901] successful NUMA node read from SysFS had negative value (-1), but there must be at least one NUMA node, so returning NUMA node zero
2017-07-03 14:01:48.466891: I tensorflow/core/common_runtime/gpu/gpu_device.cc:887] Found device 0 with properties: 
name: GeForce GTX 1080
major: 6 minor: 1 memoryClockRate (GHz) 1.898
pciBusID 0000:01:00.0
Total memory: 7.92GiB
Free memory: 7.75GiB
2017-07-03 14:01:48.466930: W tensorflow/stream_executor/cuda/cuda_driver.cc:485] creating context when one is currently active; existing: 0x13dcbfb0
2017-07-03 14:01:48.557964: I tensorflow/stream_executor/cuda/cuda_gpu_executor.cc:901] successful NUMA node read from SysFS had negative value (-1), but there must be at least one NUMA node, so returning NUMA node zero
2017-07-03 14:01:48.558276: I tensorflow/core/common_runtime/gpu/gpu_device.cc:887] Found device 1 with properties: 
name: GeForce GTX 1080
major: 6 minor: 1 memoryClockRate (GHz) 1.898
pciBusID 0000:02:00.0
Total memory: 7.92GiB
Free memory: 7.81GiB
2017-07-03 14:01:48.558787: I tensorflow/core/common_runtime/gpu/gpu_device.cc:908] DMA: 0 1 
2017-07-03 14:01:48.558794: I tensorflow/core/common_runtime/gpu/gpu_device.cc:918] 0:   Y Y 
2017-07-03 14:01:48.558797: I tensorflow/core/common_runtime/gpu/gpu_device.cc:918] 1:   Y Y 
2017-07-03 14:01:48.558807: I tensorflow/core/common_runtime/gpu/gpu_device.cc:977] Creating TensorFlow device (/gpu:0) -> (device: 0, name: GeForce GTX 1080, pci bus id: 0000:01:00.0)
2017-07-03 14:01:48.558810: I tensorflow/core/common_runtime/gpu/gpu_device.cc:977] Creating TensorFlow device (/gpu:1) -> (device: 1, name: GeForce GTX 1080, pci bus id: 0000:02:00.0)
iter=10000 : Lx: -260738.531250 Lz: -1107.667969
Outputs saved in file: model_runs/zero_or_one_10_blob/draw_data_10000.npy
Model saved in file: model_runs/zero_or_one_10_blob/drawmodel_10000.ckpt
iter=11000 : Lx: -111382.671875 Lz: -948.228027
iter=12000 : Lx: 51778.429688 Lz: -1034.589844
iter=13000 : Lx: -91138.000000 Lz: 5706.285645
iter=14000 : Lx: -77477.937500 Lz: 5652.192383
iter=15000 : Lx: -95887.750000 Lz: -858.025757
iter=16000 : Lx: -48235.171875 Lz: -1065.194702
iter=17000 : Lx: -234566.593750 Lz: -899.559143
iter=18000 : Lx: -222020.125000 Lz: -998.498535
iter=19000 : Lx: -211895.296875 Lz: -1029.331543
iter=20000 : Lx: -177540.140625 Lz: -977.090942
Outputs saved in file: model_runs/zero_or_one_10_blob/draw_data_20000.npy
Model saved in file: model_runs/zero_or_one_10_blob/drawmodel_20000.ckpt
iter=21000 : Lx: -236515.062500 Lz: -933.038208
iter=22000 : Lx: -189653.671875 Lz: -1018.430115
iter=23000 : Lx: -176593.375000 Lz: -1067.159912
iter=24000 : Lx: -228155.156250 Lz: -805.147217
iter=25000 : Lx: -232779.500000 Lz: -830.605835
iter=26000 : Lx: -238347.078125 Lz: -795.315552
iter=27000 : Lx: -163166.250000 Lz: -925.952026
iter=28000 : Lx: 230166.406250 Lz: -1199.935913
iter=29000 : Lx: 263047.312500 Lz: -1199.974854
iter=30000 : Lx: 206680.031250 Lz: -1199.987061
Outputs saved in file: model_runs/zero_or_one_10_blob/draw_data_30000.npy
Model saved in file: model_runs/zero_or_one_10_blob/drawmodel_30000.ckpt
iter=31000 : Lx: 277139.125000 Lz: -1199.989258
iter=32000 : Lx: 253652.781250 Lz: -1199.984131
iter=33000 : Lx: 239560.953125 Lz: -1199.990234
iter=34000 : Lx: 211377.312500 Lz: -1199.977539
iter=35000 : Lx: 220771.843750 Lz: -1199.989990
iter=36000 : Lx: 230166.406250 Lz: -1199.983154
iter=37000 : Lx: 248955.500000 Lz: -1199.989746
iter=38000 : Lx: 248955.500000 Lz: -1199.989868
iter=39000 : Lx: 230166.390625 Lz: -1199.989502
iter=40000 : Lx: 239560.937500 Lz: -1199.986694
Outputs saved in file: model_runs/zero_or_one_10_blob/draw_data_40000.npy
Model saved in file: model_runs/zero_or_one_10_blob/drawmodel_40000.ckpt
iter=41000 : Lx: 230166.406250 Lz: -1199.991211
iter=42000 : Lx: 253652.765625 Lz: -1199.992065
iter=43000 : Lx: 272441.875000 Lz: -1199.987793
iter=44000 : Lx: 248955.500000 Lz: -1199.987305
iter=45000 : Lx: 263047.312500 Lz: -1199.987427
iter=46000 : Lx: 216074.578125 Lz: -1199.987305
iter=47000 : Lx: 258350.031250 Lz: -1199.991943
iter=48000 : Lx: -174146.718750 Lz: -1158.718262
iter=49000 : Lx: -195987.953125 Lz: -1080.679932
iter=50000 : Lx: -181723.343750 Lz: -1123.447388
Outputs saved in file: model_runs/zero_or_one_10_blob/draw_data_50000.npy
Model saved in file: model_runs/zero_or_one_10_blob/drawmodel_50000.ckpt
iter=51000 : Lx: -253081.093750 Lz: -1079.639038
iter=52000 : Lx: -222707.328125 Lz: -1087.870361
iter=53000 : Lx: -241325.343750 Lz: -1137.769043
iter=54000 : Lx: -239972.546875 Lz: -1122.510376
iter=55000 : Lx: -101902.335938 Lz: 159722.890625
iter=56000 : Lx: -243179.843750 Lz: -1160.959839
iter=57000 : Lx: -234390.406250 Lz: -1161.887085
iter=58000 : Lx: -239108.234375 Lz: -1181.755127
iter=59000 : Lx: -240581.531250 Lz: -1183.505615
iter=60000 : Lx: -206634.859375 Lz: -1185.561279
Outputs saved in file: model_runs/zero_or_one_10_blob/draw_data_60000.npy
Model saved in file: model_runs/zero_or_one_10_blob/drawmodel_60000.ckpt
iter=61000 : Lx: -226032.203125 Lz: -1186.323975
iter=62000 : Lx: -205279.500000 Lz: -1187.064819
iter=63000 : Lx: -177452.875000 Lz: -1188.103516
iter=64000 : Lx: -238112.281250 Lz: -1172.980469
iter=65000 : Lx: -217580.468750 Lz: -1167.254272
iter=66000 : Lx: -212763.281250 Lz: -1163.261841
iter=67000 : Lx: -240951.937500 Lz: -1157.230957
iter=68000 : Lx: -219556.343750 Lz: -1135.008057
iter=69000 : Lx: -232639.781250 Lz: -1092.136230
iter=70000 : Lx: -235728.109375 Lz: -946.516724
Outputs saved in file: model_runs/zero_or_one_10_blob/draw_data_70000.npy
Model saved in file: model_runs/zero_or_one_10_blob/drawmodel_70000.ckpt
iter=71000 : Lx: -259902.406250 Lz: -757.382996
iter=72000 : Lx: -191616.375000 Lz: -613.668945
iter=73000 : Lx: -214603.468750 Lz: -727.997925
iter=74000 : Lx: -214723.671875 Lz: -591.946350
iter=75000 : Lx: -236919.453125 Lz: -884.243958
iter=76000 : Lx: -279824.781250 Lz: -942.762268
iter=77000 : Lx: -260085.437500 Lz: -972.583374
iter=78000 : Lx: -190008.078125 Lz: -893.218689
iter=79000 : Lx: nan Lz: nan
iter=80000 : Lx: nan Lz: nan
Outputs saved in file: model_runs/zero_or_one_10_blob/draw_data_80000.npy
Model saved in file: model_runs/zero_or_one_10_blob/drawmodel_80000.ckpt
iter=81000 : Lx: nan Lz: nan
iter=82000 : Lx: nan Lz: nan
iter=83000 : Lx: nan Lz: nan
iter=84000 : Lx: nan Lz: nan
iter=85000 : Lx: nan Lz: nan
iter=86000 : Lx: nan Lz: nan
iter=87000 : Lx: nan Lz: nan
iter=88000 : Lx: nan Lz: nan
iter=89000 : Lx: nan Lz: nan
iter=90000 : Lx: nan Lz: nan
Outputs saved in file: model_runs/zero_or_one_10_blob/draw_data_90000.npy
Model saved in file: model_runs/zero_or_one_10_blob/drawmodel_90000.ckpt
iter=91000 : Lx: nan Lz: nan
iter=92000 : Lx: nan Lz: nan
iter=93000 : Lx: nan Lz: nan
iter=94000 : Lx: nan Lz: nan
iter=95000 : Lx: nan Lz: nan
iter=96000 : Lx: nan Lz: nan
iter=97000 : Lx: nan Lz: nan
iter=98000 : Lx: nan Lz: nan
iter=99000 : Lx: nan Lz: nan
iter=100000 : Lx: nan Lz: nan
Outputs saved in file: model_runs/zero_or_one_10_blob/draw_data_100000.npy
Model saved in file: model_runs/zero_or_one_10_blob/drawmodel_100000.ckpt
iter=101000 : Lx: nan Lz: nan
iter=102000 : Lx: nan Lz: nan
iter=103000 : Lx: nan Lz: nan
iter=104000 : Lx: nan Lz: nan
iter=105000 : Lx: nan Lz: nan
iter=106000 : Lx: nan Lz: nan
iter=107000 : Lx: nan Lz: nan
iter=108000 : Lx: nan Lz: nan
iter=109000 : Lx: nan Lz: nan
iter=110000 : Lx: nan Lz: nan
Outputs saved in file: model_runs/zero_or_one_10_blob/draw_data_110000.npy
Model saved in file: model_runs/zero_or_one_10_blob/drawmodel_110000.ckpt
iter=111000 : Lx: nan Lz: nan
iter=112000 : Lx: nan Lz: nan
iter=113000 : Lx: nan Lz: nan
iter=114000 : Lx: nan Lz: nan
iter=115000 : Lx: nan Lz: nan
iter=116000 : Lx: nan Lz: nan
iter=117000 : Lx: nan Lz: nan
iter=118000 : Lx: nan Lz: nan
iter=119000 : Lx: nan Lz: nan
iter=120000 : Lx: nan Lz: nan
Outputs saved in file: model_runs/zero_or_one_10_blob/draw_data_120000.npy
Model saved in file: model_runs/zero_or_one_10_blob/drawmodel_120000.ckpt
iter=121000 : Lx: nan Lz: nan
iter=122000 : Lx: nan Lz: nan
iter=123000 : Lx: nan Lz: nan
iter=124000 : Lx: nan Lz: nan
iter=125000 : Lx: nan Lz: nan
iter=126000 : Lx: nan Lz: nan
iter=127000 : Lx: nan Lz: nan
iter=128000 : Lx: nan Lz: nan
iter=129000 : Lx: nan Lz: nan
iter=130000 : Lx: nan Lz: nan
Outputs saved in file: model_runs/zero_or_one_10_blob/draw_data_130000.npy
Model saved in file: model_runs/zero_or_one_10_blob/drawmodel_130000.ckpt
iter=131000 : Lx: nan Lz: nan
iter=132000 : Lx: nan Lz: nan
iter=133000 : Lx: nan Lz: nan
iter=134000 : Lx: nan Lz: nan
iter=135000 : Lx: nan Lz: nan
iter=136000 : Lx: nan Lz: nan
iter=137000 : Lx: nan Lz: nan
iter=138000 : Lx: nan Lz: nan
iter=139000 : Lx: nan Lz: nan
iter=140000 : Lx: nan Lz: nan
Outputs saved in file: model_runs/zero_or_one_10_blob/draw_data_140000.npy
Model saved in file: model_runs/zero_or_one_10_blob/drawmodel_140000.ckpt
iter=141000 : Lx: nan Lz: nan
iter=142000 : Lx: nan Lz: nan
iter=143000 : Lx: nan Lz: nan
iter=144000 : Lx: nan Lz: nan
iter=145000 : Lx: nan Lz: nan
iter=146000 : Lx: nan Lz: nan
iter=147000 : Lx: nan Lz: nan
iter=148000 : Lx: nan Lz: nan
iter=149000 : Lx: nan Lz: nan
iter=150000 : Lx: nan Lz: nan
Outputs saved in file: model_runs/zero_or_one_10_blob/draw_data_150000.npy
Model saved in file: model_runs/zero_or_one_10_blob/drawmodel_150000.ckpt
iter=151000 : Lx: nan Lz: nan
iter=152000 : Lx: nan Lz: nan
iter=153000 : Lx: nan Lz: nan
iter=154000 : Lx: nan Lz: nan
iter=155000 : Lx: nan Lz: nan
iter=156000 : Lx: nan Lz: nan
iter=157000 : Lx: nan Lz: nan
iter=158000 : Lx: nan Lz: nan
iter=159000 : Lx: nan Lz: nan
iter=160000 : Lx: nan Lz: nan
Outputs saved in file: model_runs/zero_or_one_10_blob/draw_data_160000.npy
Model saved in file: model_runs/zero_or_one_10_blob/drawmodel_160000.ckpt
iter=161000 : Lx: nan Lz: nan
iter=162000 : Lx: nan Lz: nan
iter=163000 : Lx: nan Lz: nan
iter=164000 : Lx: nan Lz: nan
iter=165000 : Lx: nan Lz: nan
iter=166000 : Lx: nan Lz: nan
iter=167000 : Lx: nan Lz: nan
iter=168000 : Lx: nan Lz: nan
iter=169000 : Lx: nan Lz: nan
iter=170000 : Lx: nan Lz: nan
Outputs saved in file: model_runs/zero_or_one_10_blob/draw_data_170000.npy
Model saved in file: model_runs/zero_or_one_10_blob/drawmodel_170000.ckpt
iter=171000 : Lx: nan Lz: nan
iter=172000 : Lx: nan Lz: nan
iter=173000 : Lx: nan Lz: nan
iter=174000 : Lx: nan Lz: nan
iter=175000 : Lx: nan Lz: nan
