2017-07-05 11:22:28.351239: W tensorflow/core/platform/cpu_feature_guard.cc:45] The TensorFlow library wasn't compiled to use SSE4.1 instructions, but these are available on your machine and could speed up CPU computations.
2017-07-05 11:22:28.351277: W tensorflow/core/platform/cpu_feature_guard.cc:45] The TensorFlow library wasn't compiled to use SSE4.2 instructions, but these are available on your machine and could speed up CPU computations.
2017-07-05 11:22:28.351282: W tensorflow/core/platform/cpu_feature_guard.cc:45] The TensorFlow library wasn't compiled to use AVX instructions, but these are available on your machine and could speed up CPU computations.
2017-07-05 11:22:28.351285: W tensorflow/core/platform/cpu_feature_guard.cc:45] The TensorFlow library wasn't compiled to use AVX2 instructions, but these are available on your machine and could speed up CPU computations.
2017-07-05 11:22:28.351287: W tensorflow/core/platform/cpu_feature_guard.cc:45] The TensorFlow library wasn't compiled to use FMA instructions, but these are available on your machine and could speed up CPU computations.
2017-07-05 11:22:28.492547: I tensorflow/stream_executor/cuda/cuda_gpu_executor.cc:901] successful NUMA node read from SysFS had negative value (-1), but there must be at least one NUMA node, so returning NUMA node zero
2017-07-05 11:22:28.492875: I tensorflow/core/common_runtime/gpu/gpu_device.cc:887] Found device 0 with properties: 
name: GeForce GTX 1080
major: 6 minor: 1 memoryClockRate (GHz) 1.898
pciBusID 0000:01:00.0
Total memory: 7.92GiB
Free memory: 7.75GiB
2017-07-05 11:22:28.492915: W tensorflow/stream_executor/cuda/cuda_driver.cc:485] creating context when one is currently active; existing: 0x14320200
2017-07-05 11:22:28.586907: I tensorflow/stream_executor/cuda/cuda_gpu_executor.cc:901] successful NUMA node read from SysFS had negative value (-1), but there must be at least one NUMA node, so returning NUMA node zero
2017-07-05 11:22:28.587208: I tensorflow/core/common_runtime/gpu/gpu_device.cc:887] Found device 1 with properties: 
name: GeForce GTX 1080
major: 6 minor: 1 memoryClockRate (GHz) 1.898
pciBusID 0000:02:00.0
Total memory: 7.92GiB
Free memory: 7.81GiB
2017-07-05 11:22:28.589359: I tensorflow/core/common_runtime/gpu/gpu_device.cc:908] DMA: 0 1 
2017-07-05 11:22:28.589368: I tensorflow/core/common_runtime/gpu/gpu_device.cc:918] 0:   Y Y 
2017-07-05 11:22:28.589371: I tensorflow/core/common_runtime/gpu/gpu_device.cc:918] 1:   Y Y 
2017-07-05 11:22:28.589377: I tensorflow/core/common_runtime/gpu/gpu_device.cc:977] Creating TensorFlow device (/gpu:0) -> (device: 0, name: GeForce GTX 1080, pci bus id: 0000:01:00.0)
2017-07-05 11:22:28.589380: I tensorflow/core/common_runtime/gpu/gpu_device.cc:977] Creating TensorFlow device (/gpu:1) -> (device: 1, name: GeForce GTX 1080, pci bus id: 0000:02:00.0)
iter=10000 : Lx: 30391.357422 Lz: -1199.990845
Outputs saved in file: model_runs/zero_or_one_2_5_blob/draw_data_10000.npy
Model saved in file: model_runs/zero_or_one_2_5_blob/drawmodel_10000.ckpt
iter=11000 : Lx: 32411.185547 Lz: -1199.990967
iter=12000 : Lx: 26633.537109 Lz: -1199.994873
iter=13000 : Lx: 29404.929688 Lz: -1199.994507
iter=14000 : Lx: 24425.820312 Lz: -1199.990845
iter=15000 : Lx: 4122.618652 Lz: -1083.164673
iter=16000 : Lx: 2431.529297 Lz: -1106.869995
iter=17000 : Lx: 752.903687 Lz: -1079.410156
iter=18000 : Lx: 1617.267944 Lz: -1136.569214
iter=19000 : Lx: -16767.333984 Lz: -1099.168457
iter=20000 : Lx: -18543.441406 Lz: -1092.256836
Outputs saved in file: model_runs/zero_or_one_2_5_blob/draw_data_20000.npy
Model saved in file: model_runs/zero_or_one_2_5_blob/drawmodel_20000.ckpt
iter=21000 : Lx: -29899.501953 Lz: -1062.862671
iter=22000 : Lx: 4385.724121 Lz: -1175.366699
iter=23000 : Lx: 3932.481689 Lz: -624.644165
iter=24000 : Lx: 6972.115234 Lz: -86.470589
iter=25000 : Lx: 1859.133789 Lz: -1066.451660
iter=26000 : Lx: -20726.515625 Lz: -1143.885132
iter=27000 : Lx: -22318.535156 Lz: -1072.308228
iter=28000 : Lx: -28887.906250 Lz: -920.222534
iter=29000 : Lx: -19645.882812 Lz: -903.345947
iter=30000 : Lx: -25235.425781 Lz: -927.747864
Outputs saved in file: model_runs/zero_or_one_2_5_blob/draw_data_30000.npy
Model saved in file: model_runs/zero_or_one_2_5_blob/drawmodel_30000.ckpt
iter=31000 : Lx: -18682.445312 Lz: -883.505798
iter=32000 : Lx: -14250.433594 Lz: -781.279907
iter=33000 : Lx: -26212.429688 Lz: -800.042236
iter=34000 : Lx: -22721.187500 Lz: -781.925293
iter=35000 : Lx: -26454.087891 Lz: -793.321533
iter=36000 : Lx: -24716.441406 Lz: -860.160034
iter=37000 : Lx: -28865.167969 Lz: -793.835510
iter=38000 : Lx: -30281.062500 Lz: -765.686768
iter=39000 : Lx: -22764.515625 Lz: -780.371216
iter=40000 : Lx: -22079.779297 Lz: -783.815491
Outputs saved in file: model_runs/zero_or_one_2_5_blob/draw_data_40000.npy
Model saved in file: model_runs/zero_or_one_2_5_blob/drawmodel_40000.ckpt
iter=41000 : Lx: -26878.757812 Lz: -671.824707
iter=42000 : Lx: -14342.317383 Lz: -483.856079
iter=43000 : Lx: -29549.419922 Lz: -451.460602
iter=44000 : Lx: -19754.585938 Lz: -280.449066
iter=45000 : Lx: -18811.031250 Lz: -566.139954
iter=46000 : Lx: -23884.701172 Lz: -1026.187500
iter=47000 : Lx: 10458.515625 Lz: -887.280884
iter=48000 : Lx: 9866.992188 Lz: -871.919189
iter=49000 : Lx: -16610.417969 Lz: -845.901733
iter=50000 : Lx: -15263.443359 Lz: -877.961914
Outputs saved in file: model_runs/zero_or_one_2_5_blob/draw_data_50000.npy
Model saved in file: model_runs/zero_or_one_2_5_blob/drawmodel_50000.ckpt
iter=51000 : Lx: -28018.128906 Lz: -964.674011
iter=52000 : Lx: -25907.986328 Lz: -972.492920
iter=53000 : Lx: -24654.074219 Lz: -955.392822
iter=54000 : Lx: -29929.222656 Lz: -941.110962
iter=55000 : Lx: -28976.339844 Lz: -1004.638062
iter=56000 : Lx: -31502.628906 Lz: -943.562378
iter=57000 : Lx: -26564.656250 Lz: -987.797241
iter=58000 : Lx: -18024.562500 Lz: -1016.746704
iter=59000 : Lx: -20554.914062 Lz: -1062.615479
iter=60000 : Lx: -8102.117188 Lz: -1054.580322
Outputs saved in file: model_runs/zero_or_one_2_5_blob/draw_data_60000.npy
Model saved in file: model_runs/zero_or_one_2_5_blob/drawmodel_60000.ckpt
iter=61000 : Lx: -20940.814453 Lz: -1075.122314
iter=62000 : Lx: -21950.337891 Lz: -1070.108887
iter=63000 : Lx: -19057.472656 Lz: -1039.862549
iter=64000 : Lx: -26368.716797 Lz: -1058.660156
iter=65000 : Lx: -22084.910156 Lz: -1128.531006
iter=66000 : Lx: -20703.613281 Lz: -1127.722778
iter=67000 : Lx: -27345.105469 Lz: -1126.750122
iter=68000 : Lx: -26879.347656 Lz: -1145.215088
iter=69000 : Lx: -28443.982422 Lz: -1145.740845
iter=70000 : Lx: -24517.310547 Lz: -1138.095459
Outputs saved in file: model_runs/zero_or_one_2_5_blob/draw_data_70000.npy
Model saved in file: model_runs/zero_or_one_2_5_blob/drawmodel_70000.ckpt
iter=71000 : Lx: -17043.583984 Lz: -1144.316895
iter=72000 : Lx: -28834.015625 Lz: -1129.094727
iter=73000 : Lx: -20809.300781 Lz: -1108.955200
iter=74000 : Lx: -31849.125000 Lz: -1132.298584
iter=75000 : Lx: -17256.564453 Lz: -1139.473877
iter=76000 : Lx: 6964.126465 Lz: -1177.106445
iter=77000 : Lx: 6932.365234 Lz: -1199.230103
iter=78000 : Lx: 6931.510742 Lz: -1199.839233
iter=79000 : Lx: 6931.476562 Lz: -1199.889404
iter=80000 : Lx: 6931.474121 Lz: -1199.957275
Outputs saved in file: model_runs/zero_or_one_2_5_blob/draw_data_80000.npy
Model saved in file: model_runs/zero_or_one_2_5_blob/drawmodel_80000.ckpt
iter=81000 : Lx: 6931.474121 Lz: -1199.993408
iter=82000 : Lx: 6931.474121 Lz: -1199.984131
iter=83000 : Lx: 6931.474121 Lz: -1199.981079
iter=84000 : Lx: 6931.474121 Lz: -1199.989258
iter=85000 : Lx: 6931.474121 Lz: -1199.999023
iter=86000 : Lx: 6931.474121 Lz: -1199.993652
iter=87000 : Lx: 6931.474121 Lz: -1199.985962
iter=88000 : Lx: 6931.474121 Lz: -1199.995850
iter=89000 : Lx: 6931.474121 Lz: -1199.984253
iter=90000 : Lx: 6931.474121 Lz: -1199.996948
Outputs saved in file: model_runs/zero_or_one_2_5_blob/draw_data_90000.npy
Model saved in file: model_runs/zero_or_one_2_5_blob/drawmodel_90000.ckpt
iter=91000 : Lx: 6931.474121 Lz: -1199.999146
iter=92000 : Lx: 6931.474121 Lz: -1199.993652
iter=93000 : Lx: 6931.474121 Lz: -1199.993896
iter=94000 : Lx: 6931.474121 Lz: -1199.993652
iter=95000 : Lx: 6931.474121 Lz: -1199.999268
iter=96000 : Lx: 6931.474121 Lz: -1199.994385
iter=97000 : Lx: 6931.474121 Lz: -1199.997559
iter=98000 : Lx: 6931.474121 Lz: -1199.996216
iter=99000 : Lx: 6931.474121 Lz: -1199.998291
iter=100000 : Lx: 6931.474121 Lz: -1199.990234
Outputs saved in file: model_runs/zero_or_one_2_5_blob/draw_data_100000.npy
Model saved in file: model_runs/zero_or_one_2_5_blob/drawmodel_100000.ckpt
